time: time
lev: altitude
lat: latitude
lon: longitude
absvprs: ** (1000 975 950 925 900.. 10 7 4 2 1) absolute vorticity [1/s] 
no4lftxsfc: ** surface best (4 layer) lifted index [k] 
acpcpsfc: ** surface convective precipitation [kg/m^2] 
albdosfc: ** surface albedo [%] 
apcpsfc: ** surface total precipitation [kg/m^2] 
capesfc: ** surface convective available potential energy [j/kg] 
cape180_0mb: ** 180-0 mb above ground convective available potential energy [j/kg] 
cape90_0mb: ** 90-0 mb above ground convective available potential energy [j/kg] 
cape255_0mb: ** 255-0 mb above ground convective available potential energy [j/kg] 
cfrzravesfc: ** surface categorical freezing rain [-] 
cfrzrsfc: ** surface categorical freezing rain [-] 
cicepavesfc: ** surface categorical ice pellets [-] 
cicepsfc: ** surface categorical ice pellets [-] 
cinsfc: ** surface convective inhibition [j/kg] 
cin180_0mb: ** 180-0 mb above ground convective inhibition [j/kg] 
cin90_0mb: ** 90-0 mb above ground convective inhibition [j/kg] 
cin255_0mb: ** 255-0 mb above ground convective inhibition [j/kg] 
clwmrprs: ** (1000 975 950 925 900.. 250 200 150 100 50) cloud mixing ratio [kg/kg] 
clwmrhy1: ** 1 hybrid level cloud mixing ratio [kg/kg] 
cnwatsfc: ** surface plant canopy surface water [kg/m^2] 
cpofpsfc: ** surface percent frozen precipitation [%] 
cpratavesfc: ** surface convective precipitation rate [kg/m^2/s] 
cpratsfc: ** surface convective precipitation rate [kg/m^2/s] 
crainavesfc: ** surface categorical rain [-] 
crainsfc: ** surface categorical rain [-] 
csnowavesfc: ** surface categorical snow [-] 
csnowsfc: ** surface categorical snow [-] 
cwatclm: ** entire atmosphere (considered as a single layer) cloud water [kg/m^2] 
cworkclm: ** entire atmosphere (considered as a single layer) cloud work function [j/kg] 
dlwrfsfc: ** surface downward long-wave rad. flux [w/m^2] 
dpt2m: ** 2 m above ground dew point temperature [k] 
dswrfsfc: ** surface downward short-wave radiation flux [w/m^2] 
dzdtprs: ** (1000 975 950 925 900.. 10 7 4 2 1) vertical velocity (geometric) [m/s] 
fldcpsfc: ** surface field capacity [fraction] 
fricvsfc: ** surface frictional velocity [m/s] 
gfluxsfc: ** surface ground heat flux [w/m^2] 
grleprs: ** (1000 975 950 925 900.. 250 200 150 100 50) graupel [kg/kg] 
grlehy1: ** 1 hybrid level graupel [kg/kg] 
gustsfc: ** surface wind speed (gust) [m/s] 
hcdcavehcll: ** high cloud layer high cloud cover [%] 
hcdchcll: ** high cloud layer high cloud cover [%] 
hgtsfc: ** surface geopotential height [gpm] 
hgtprs: ** (1000 975 950 925 900.. 10 7 4 2 1) geopotential height [gpm] 
hgt2pv: ** pv=2e-06 (km^2/kg/s) surface geopotential height [gpm] 
hgtneg2pv: ** pv=-2e-06 (km^2/kg/s) surface geopotential height [gpm] 
hgttop0c: ** highest tropospheric freezing level geopotential height [gpm] 
hgtceil: ** cloud ceiling geopotential height [gpm] 
hgt0c: ** 0c isotherm geopotential height [gpm] 
hgtmwl: ** max wind geopotential height [gpm] 
hgttrop: ** tropopause geopotential height [gpm] 
hindexsfc: ** surface haines index [numeric] 
hlcy3000_0m: ** 3000-0 m above ground storm relative helicity [m^2/s^2] 
hpblsfc: ** surface planetary boundary layer height [m] 
icahtmwl: ** max wind icao standard atmosphere reference height [m] 
icahttrop: ** tropopause icao standard atmosphere reference height [m] 
icecsfc: ** surface ice cover [proportion] 
iceg_10m: ** 10 m above mean sea level ice growth rate [m/s] 
icetksfc: ** surface ice thickness [m] 
icetmpsfc: ** surface ice temperature [k] 
icmrprs: ** (1000 975 950 925 900.. 250 200 150 100 50) ice water mixing ratio [kg/kg] 
icmrhy1: ** 1 hybrid level ice water mixing ratio [kg/kg] 
landsfc: ** surface land cover (0=sea, 1=land) [proportion] 
lcdcavelcll: ** low cloud layer low cloud cover [%] 
lcdclcll: ** low cloud layer low cloud cover [%] 
lftxsfc: ** surface surface lifted index [k] 
lhtflsfc: ** surface latent heat net flux [w/m^2] 
mcdcavemcll: ** middle cloud layer medium cloud cover [%] 
mcdcmcll: ** middle cloud layer medium cloud cover [%] 
msletmsl: ** mean sea level mslp (eta model reduction) [pa] 
o3mrprs: ** (1000 975 950 925 900.. 10 7 4 2 1) ozone mixing ratio [kg/kg] 
pevprsfc: ** surface potential evaporation rate [w/m^2] 
plpl255_0mb: ** 255-0 mb above ground pressure of level from which parcel was lifted [pa] 
potsig995: ** 0.995 sigma level potential temperature [k] 
prateavesfc: ** surface precipitation rate [kg/m^2/s] 
pratesfc: ** surface precipitation rate [kg/m^2/s] 
preslclb: ** low cloud bottom level pressure [pa] 
preslclt: ** low cloud top level pressure [pa] 
presmclb: ** middle cloud bottom level pressure [pa] 
presmclt: ** middle cloud top level pressure [pa] 
preshclb: ** high cloud bottom level pressure [pa] 
preshclt: ** high cloud top level pressure [pa] 
pressfc: ** surface pressure [pa] 
pres80m: ** 80 m above ground pressure [pa] 
pres2pv: ** pv=2e-06 (km^2/kg/s) surface pressure [pa] 
presneg2pv: ** pv=-2e-06 (km^2/kg/s) surface pressure [pa] 
prescclb: ** convective cloud bottom level pressure [pa] 
prescclt: ** convective cloud top level pressure [pa] 
presmwl: ** max wind pressure [pa] 
prestrop: ** tropopause pressure [pa] 
prmslmsl: ** mean sea level pressure reduced to msl [pa] 
pwatclm: ** entire atmosphere (considered as a single layer) precipitable water [kg/m^2] 
refcclm: ** entire atmosphere composite reflectivity [db] 
refd4000m: ** 4000 m above ground reflectivity [db] 
refd1000m: ** 1000 m above ground reflectivity [db] 
refdhy1: ** 1 hybrid level reflectivity [db] 
refdhy2: ** 2 hybrid level reflectivity [db] 
rhprs: ** (1000 975 950 925 900.. 10 7 4 2 1) relative humidity [%] 
rh2m: ** 2 m above ground relative humidity [%] 
rhsg330_1000: ** 0.33-1 sigma layer relative humidity [%] 
rhsg440_1000: ** 0.44-1 sigma layer relative humidity [%] 
rhsg720_940: ** 0.72-0.94 sigma layer relative humidity [%] 
rhsg440_720: ** 0.44-0.72 sigma layer relative humidity [%] 
rhsig995: ** 0.995 sigma level relative humidity [%] 
rh30_0mb: ** 30-0 mb above ground relative humidity [%] 
rhclm: ** entire atmosphere (considered as a single layer) relative humidity [%] 
rhtop0c: ** highest tropospheric freezing level relative humidity [%] 
rh0c: ** 0c isotherm relative humidity [%] 
rwmrprs: ** (1000 975 950 925 900.. 250 200 150 100 50) rain mixing ratio [kg/kg] 
rwmrhy1: ** 1 hybrid level rain mixing ratio [kg/kg] 
sfcrsfc: ** surface surface roughness [m] 
shtflsfc: ** surface sensible heat net flux [w/m^2] 
snmrprs: ** (1000 975 950 925 900.. 250 200 150 100 50) snow mixing ratio [kg/kg] 
snmrhy1: ** 1 hybrid level snow mixing ratio [kg/kg] 
snodsfc: ** surface snow depth [m] 
soill0_10cm: ** 0-0.1 m below ground liquid volumetric soil moisture (non frozen) [proportion] 
soill10_40cm: ** 0.1-0.4 m below ground liquid volumetric soil moisture (non frozen) [proportion] 
soill40_100cm: ** 0.4-1 m below ground liquid volumetric soil moisture (non frozen) [proportion] 
soill100_200cm: ** 1-2 m below ground liquid volumetric soil moisture (non frozen) [proportion] 
soilw0_10cm: ** 0-0.1 m below ground volumetric soil moisture content [fraction] 
soilw10_40cm: ** 0.1-0.4 m below ground volumetric soil moisture content [fraction] 
soilw40_100cm: ** 0.4-1 m below ground volumetric soil moisture content [fraction] 
soilw100_200cm: ** 1-2 m below ground volumetric soil moisture content [fraction] 
sotypsfc: ** surface soil type [-] 
spfhprs: ** (1000 975 950 925 900.. 10 7 4 2 1) specific humidity [kg/kg] 
spfh2m: ** 2 m above ground specific humidity [kg/kg] 
spfh80m: ** 80 m above ground specific humidity [kg/kg] 
spfh30_0mb: ** 30-0 mb above ground specific humidity [kg/kg] 
sunsdsfc: ** surface sunshine duration [s] 
tcdcaveclm: ** entire atmosphere total cloud cover [%] 
tcdcblcll: ** boundary layer cloud layer total cloud cover [%] 
tcdcclm: ** entire atmosphere total cloud cover [%] 
tcdcprs: ** (1000 975 950 925 900.. 250 200 150 100 50) total cloud cover [%] 
tcdcccll: ** convective cloud layer total cloud cover [%] 
tmax2m: ** 2 m above ground maximum temperature [k] 
tmin2m: ** 2 m above ground minimum temperature [k] 
tmplclt: ** low cloud top level temperature [k] 
tmpmclt: ** middle cloud top level temperature [k] 
tmphclt: ** high cloud top level temperature [k] 
tmpsfc: ** surface temperature [k] 
tmpprs: ** (1000 975 950 925 900.. 10 7 4 2 1) temperature [k] 
tmp_1829m: ** 1829 m above mean sea level temperature [k] 
tmp_2743m: ** 2743 m above mean sea level temperature [k] 
tmp_3658m: ** 3658 m above mean sea level temperature [k] 
tmp2m: ** 2 m above ground temperature [k] 
tmp80m: ** 80 m above ground temperature [k] 
tmp100m: ** 100 m above ground temperature [k] 
tmpsig995: ** 0.995 sigma level temperature [k] 
tmp30_0mb: ** 30-0 mb above ground temperature [k] 
tmp2pv: ** pv=2e-06 (km^2/kg/s) surface temperature [k] 
tmpneg2pv: ** pv=-2e-06 (km^2/kg/s) surface temperature [k] 
tmpmwl: ** max wind temperature [k] 
tmptrop: ** tropopause temperature [k] 
tozneclm: ** entire atmosphere (considered as a single layer) total ozone [du] 
tsoil0_10cm: ** 0-0.1 m below ground soil temperature validation to deprecate [k] 
tsoil10_40cm: ** 0.1-0.4 m below ground soil temperature validation to deprecate [k] 
tsoil40_100cm: ** 0.4-1 m below ground soil temperature validation to deprecate [k] 
tsoil100_200cm: ** 1-2 m below ground soil temperature validation to deprecate [k] 
ugwdsfc: ** surface zonal flux of gravity wave stress [n/m^2] 
uflxsfc: ** surface momentum flux, u-component [n/m^2] 
ugrdprs: ** (1000 975 950 925 900.. 10 7 4 2 1) u-component of wind [m/s] 
ugrd_1829m: ** 1829 m above mean sea level u-component of wind [m/s] 
ugrd_2743m: ** 2743 m above mean sea level u-component of wind [m/s] 
ugrd_3658m: ** 3658 m above mean sea level u-component of wind [m/s] 
ugrd10m: ** 10 m above ground u-component of wind [m/s] 
ugrd20m: ** 20 m above ground u-component of wind [m/s] 
ugrd30m: ** 30 m above ground u-component of wind [m/s] 
ugrd40m: ** 40 m above ground u-component of wind [m/s] 
ugrd50m: ** 50 m above ground u-component of wind [m/s] 
ugrd80m: ** 80 m above ground u-component of wind [m/s] 
ugrd100m: ** 100 m above ground u-component of wind [m/s] 
ugrdsig995: ** 0.995 sigma level u-component of wind [m/s] 
ugrd30_0mb: ** 30-0 mb above ground u-component of wind [m/s] 
ugrd2pv: ** pv=2e-06 (km^2/kg/s) surface u-component of wind [m/s] 
ugrdneg2pv: ** pv=-2e-06 (km^2/kg/s) surface u-component of wind [m/s] 
ugrdpbl: ** planetary boundary layer u-component of wind [m/s] 
ugrdmwl: ** max wind u-component of wind [m/s] 
ugrdtrop: ** tropopause u-component of wind [m/s] 
ulwrfsfc: ** surface upward long-wave rad. flux [w/m^2] 
ulwrftoa: ** top of atmosphere upward long-wave rad. flux [w/m^2] 
ustm6000_0m: ** 6000-0 m above ground u-component storm motion [m/s] 
uswrfsfc: ** surface upward short-wave radiation flux [w/m^2] 
uswrftoa: ** top of atmosphere upward short-wave radiation flux [w/m^2] 
vgwdsfc: ** surface meridional flux of gravity wave stress [n/m^2] 
vegsfc: ** surface vegetation [%] 
vflxsfc: ** surface momentum flux, v-component [n/m^2] 
vgrdprs: ** (1000 975 950 925 900.. 10 7 4 2 1) v-component of wind [m/s] 
vgrd_1829m: ** 1829 m above mean sea level v-component of wind [m/s] 
vgrd_2743m: ** 2743 m above mean sea level v-component of wind [m/s] 
vgrd_3658m: ** 3658 m above mean sea level v-component of wind [m/s] 
vgrd10m: ** 10 m above ground v-component of wind [m/s] 
vgrd20m: ** 20 m above ground v-component of wind [m/s] 
vgrd30m: ** 30 m above ground v-component of wind [m/s] 
vgrd40m: ** 40 m above ground v-component of wind [m/s] 
vgrd50m: ** 50 m above ground v-component of wind [m/s] 
vgrd80m: ** 80 m above ground v-component of wind [m/s] 
vgrd100m: ** 100 m above ground v-component of wind [m/s] 
vgrdsig995: ** 0.995 sigma level v-component of wind [m/s] 
vgrd30_0mb: ** 30-0 mb above ground v-component of wind [m/s] 
vgrd2pv: ** pv=2e-06 (km^2/kg/s) surface v-component of wind [m/s] 
vgrdneg2pv: ** pv=-2e-06 (km^2/kg/s) surface v-component of wind [m/s] 
vgrdpbl: ** planetary boundary layer v-component of wind [m/s] 
vgrdmwl: ** max wind v-component of wind [m/s] 
vgrdtrop: ** tropopause v-component of wind [m/s] 
vissfc: ** surface visibility [m] 
vratepbl: ** planetary boundary layer ventilation rate [m^2/s] 
vstm6000_0m: ** 6000-0 m above ground v-component storm motion [m/s] 
vvelprs: ** (1000 975 950 925 900.. 10 7 4 2 1) vertical velocity (pressure) [pa/s] 
vvelsig995: ** 0.995 sigma level vertical velocity (pressure) [pa/s] 
vwsh2pv: ** pv=2e-06 (km^2/kg/s) surface vertical speed shear [1/s] 
vwshneg2pv: ** pv=-2e-06 (km^2/kg/s) surface vertical speed shear [1/s] 
vwshtrop: ** tropopause vertical speed shear [1/s] 
watrsfc: ** surface water runoff [kg/m^2] 
weasdsfc: ** surface water equivalent of accumulated snow depth [kg/m^2] 
wiltsfc: ** surface wilting point [fraction] 
var00212m: ** 2 m above ground desc [unit] 
